Arguments: 
  /Users/jonasmaciel/.nvm/versions/node/v14.16.0/bin/node /Users/jonasmaciel/.nvm/versions/node/v14.16.0/bin/yarn add -D @typescript/express

PATH: 
  /usr/local/opt/php@7.4/sbin:/usr/local/opt/php@7.4/bin:/Users/jonasmaciel/.composer/vendor/bin:/usr/local/opt/sqlite/bin:/Users/jonasmaciel/.nvm/versions/node/v14.16.0/bin:/usr/local/bin:/usr/bin:/bin:/usr/sbin:/sbin:/usr/local/opt/php@7.4/sbin:/usr/local/opt/php@7.4/bin:/Users/jonasmaciel/.composer/vendor/bin:/usr/local/opt/sqlite/bin:/Users/jonasmaciel/.nvm/versions/node/v14.16.0/bin:/Users/jonasmaciel/.zinit/polaris/bin:/usr/local/opt/node@14/bin:/Users/jonasmaciel/Android/Sdk/emulator:/Users/jonasmaciel/Android/Sdk/tools:/Users/jonasmaciel/Android/Sdk/tools/bin:/Users/jonasmaciel/Android/Sdk/platform-tools:/usr/local/opt/node@14/bin:/Users/jonasmaciel/Android/Sdk/emulator:/Users/jonasmaciel/Android/Sdk/tools:/Users/jonasmaciel/Android/Sdk/tools/bin:/Users/jonasmaciel/Android/Sdk/platform-tools

Yarn version: 
  1.22.10

Node version: 
  14.16.0

Platform: 
  darwin x64

Trace: 
  Error: https://registry.yarnpkg.com/@typescript%2fexpress: Not found
      at Request.params.callback [as _callback] (/Users/jonasmaciel/.nvm/versions/node/v14.16.0/lib/node_modules/yarn/lib/cli.js:66988:18)
      at Request.self.callback (/Users/jonasmaciel/.nvm/versions/node/v14.16.0/lib/node_modules/yarn/lib/cli.js:140662:22)
      at Request.emit (events.js:315:20)
      at Request.<anonymous> (/Users/jonasmaciel/.nvm/versions/node/v14.16.0/lib/node_modules/yarn/lib/cli.js:141634:10)
      at Request.emit (events.js:315:20)
      at IncomingMessage.<anonymous> (/Users/jonasmaciel/.nvm/versions/node/v14.16.0/lib/node_modules/yarn/lib/cli.js:141556:12)
      at Object.onceWrapper (events.js:421:28)
      at IncomingMessage.emit (events.js:327:22)
      at endReadableNT (internal/streams/readable.js:1327:12)
      at processTicksAndRejections (internal/process/task_queues.js:80:21)

npm manifest: 
  {
    "name": "TypeScript",
    "version": "1.0.0",
    "main": "index.js",
    "license": "MIT",
    "devDependencies": {
      "typescript": "^4.2.4"
    }
  }

yarn manifest: 
  No manifest

Lockfile: 
  # THIS IS AN AUTOGENERATED FILE. DO NOT EDIT THIS FILE DIRECTLY.
  # yarn lockfile v1
  
  
  typescript@^4.2.4:
    version "4.2.4"
    resolved "https://registry.yarnpkg.com/typescript/-/typescript-4.2.4.tgz#8610b59747de028fda898a8aef0e103f156d0961"
    integrity sha512-V+evlYHZnQkaz8TRBuxTA92yZBPotr5H+WhQ7bD3hZUndx5tGOa1fuCgeSjxAzM1RiN5IzvadIXTVefuuwZCRg==
